2019-03-09 15:40:22 INFO  [main]: A new product has been created:
2019-03-09 15:40:22 INFO  [main]: A new product has been created:
2019-03-09 15:40:22 INFO  [main]: A new product has been created:
2019-03-09 15:40:22 INFO  [main]: A new product has been created:
2019-03-09 15:40:22 INFO  [main]: A new product has been created:
2019-03-09 15:40:22 INFO  [main]: A new product has been created:
2019-03-09 15:40:22 INFO  [main]: A new product has been created:
2019-03-09 15:40:22 INFO  [main]: A new product has been created:
2019-03-09 15:40:22 INFO  [main]: A new product has been created:
2019-03-09 15:40:22 INFO  [main]: A new product has been created:
2019-03-09 15:40:22 INFO  [main]: A new product has been created:
2019-03-09 15:40:22 INFO  [main]: A new product has been created:
2019-03-09 15:40:22 INFO  [main]: A new product has been created:
2019-03-09 15:40:22 INFO  [main]: A new product has been created:
2019-03-09 15:40:22 INFO  [main]: A new product has been created:
2019-03-09 15:42:07 INFO  [main]: A new product has been created:id1
2019-03-09 15:42:07 INFO  [main]: A new product has been created:id2
2019-03-09 15:42:07 INFO  [main]: A new product has been created:id3
2019-03-09 15:42:07 INFO  [main]: A new product has been created:id4
2019-03-09 15:42:07 INFO  [main]: A new product has been created:id5
2019-03-09 15:42:07 INFO  [main]: A new product has been created:id1
2019-03-09 15:42:07 INFO  [main]: A new product has been created:id2
2019-03-09 15:42:07 INFO  [main]: A new product has been created:id3
2019-03-09 15:42:07 INFO  [main]: A new product has been created:id4
2019-03-09 15:42:07 INFO  [main]: A new product has been created:id5
2019-03-09 15:42:07 INFO  [main]: A new product has been created:id1
2019-03-09 15:42:07 INFO  [main]: A new product has been created:id2
2019-03-09 15:42:07 INFO  [main]: A new product has been created:id3
2019-03-09 15:42:07 INFO  [main]: A new product has been created:id4
2019-03-09 15:42:07 INFO  [main]: A new product has been created:id5
2019-03-09 15:43:38 INFO  [main]: A new product has been created:id1
2019-03-09 15:43:38 INFO  [main]: A new product has been created:id2
2019-03-09 15:43:38 INFO  [main]: A new product has been created:id3
2019-03-09 15:43:38 INFO  [main]: A new product has been created:id4
2019-03-09 15:43:38 INFO  [main]: A new product has been created:id5
2019-03-09 15:43:38 INFO  [main]: A new product has been created:id1
2019-03-09 15:43:38 INFO  [main]: A new product has been created:id2
2019-03-09 15:43:38 INFO  [main]: A new product has been created:id3
2019-03-09 15:43:38 INFO  [main]: A new product has been created:id4
2019-03-09 15:43:38 INFO  [main]: A new product has been created:id5
2019-03-09 15:43:38 INFO  [main]: A new product has been created:id1
2019-03-09 15:43:38 INFO  [main]: A new product has been created:id2
2019-03-09 15:43:38 INFO  [main]: A new product has been created:id3
2019-03-09 15:43:38 INFO  [main]: A new product has been created:id4
2019-03-09 15:43:38 INFO  [main]: A new product has been created:id5
2019-03-09 15:45:02 INFO  [main]: A new product has been created:id-1 , Name-Milk
2019-03-09 15:45:02 INFO  [main]: A new product has been created:id-2 , Name-Bread
2019-03-09 15:45:02 INFO  [main]: A new product has been created:id-3 , Name-Cheese
2019-03-09 15:45:02 INFO  [main]: A new product has been created:id-4 , Name-Ham
2019-03-09 15:45:02 INFO  [main]: A new product has been created:id-5 , Name-Ham
2019-03-09 15:45:02 INFO  [main]: A new product has been created:id-1 , Name-Milk
2019-03-09 15:45:02 INFO  [main]: A new product has been created:id-2 , Name-Bread
2019-03-09 15:45:02 INFO  [main]: A new product has been created:id-3 , Name-Cheese
2019-03-09 15:45:02 INFO  [main]: A new product has been created:id-4 , Name-Ham
2019-03-09 15:45:02 INFO  [main]: A new product has been created:id-5 , Name-Ham
2019-03-09 15:45:02 INFO  [main]: A new product has been created:id-1 , Name-Milk
2019-03-09 15:45:02 INFO  [main]: A new product has been created:id-2 , Name-Bread
2019-03-09 15:45:02 INFO  [main]: A new product has been created:id-3 , Name-Cheese
2019-03-09 15:45:02 INFO  [main]: A new product has been created:id-4 , Name-Ham
2019-03-09 15:45:02 INFO  [main]: A new product has been created:id-5 , Name-Ham
2019-03-09 15:48:14 INFO  [main]: A new product has been created: id-1, Name-Milk, UPC-56732712, Manufacture-Milk World, Price-120.0, Shelf life-3, Quantity-500
2019-03-09 15:48:14 INFO  [main]: A new product has been created: id-2, Name-Bread, UPC-35467891, Manufacture-Bread World, Price-90.0, Shelf life-5, Quantity-1000
2019-03-09 15:48:14 INFO  [main]: A new product has been created: id-3, Name-Cheese, UPC-94284921, Manufacture-Cheese World, Price-250.0, Shelf life-4, Quantity-1500
2019-03-09 15:48:14 INFO  [main]: A new product has been created: id-4, Name-Ham, UPC-17403745, Manufacture-Ham World, Price-340.0, Shelf life-5, Quantity-1200
2019-03-09 15:48:14 INFO  [main]: A new product has been created: id-5, Name-Ham, UPC-54673866, Manufacture-Ham World, Price-400.0, Shelf life-6, Quantity-800
2019-03-09 15:48:14 INFO  [main]: A new product has been created: id-1, Name-Milk, UPC-56732712, Manufacture-Milk World, Price-120.0, Shelf life-3, Quantity-500
2019-03-09 15:48:14 INFO  [main]: A new product has been created: id-2, Name-Bread, UPC-35467891, Manufacture-Bread World, Price-90.0, Shelf life-5, Quantity-1000
2019-03-09 15:48:14 INFO  [main]: A new product has been created: id-3, Name-Cheese, UPC-94284921, Manufacture-Cheese World, Price-250.0, Shelf life-4, Quantity-1500
2019-03-09 15:48:14 INFO  [main]: A new product has been created: id-4, Name-Ham, UPC-17403745, Manufacture-Ham World, Price-340.0, Shelf life-5, Quantity-1200
2019-03-09 15:48:14 INFO  [main]: A new product has been created: id-5, Name-Ham, UPC-54673866, Manufacture-Ham World, Price-400.0, Shelf life-6, Quantity-800
2019-03-09 15:48:14 INFO  [main]: A new product has been created: id-1, Name-Milk, UPC-56732712, Manufacture-Milk World, Price-120.0, Shelf life-3, Quantity-500
2019-03-09 15:48:14 INFO  [main]: A new product has been created: id-2, Name-Bread, UPC-35467891, Manufacture-Bread World, Price-90.0, Shelf life-5, Quantity-1000
2019-03-09 15:48:14 INFO  [main]: A new product has been created: id-3, Name-Cheese, UPC-94284921, Manufacture-Cheese World, Price-250.0, Shelf life-4, Quantity-1500
2019-03-09 15:48:14 INFO  [main]: A new product has been created: id-4, Name-Ham, UPC-17403745, Manufacture-Ham World, Price-340.0, Shelf life-5, Quantity-1200
2019-03-09 15:48:14 INFO  [main]: A new product has been created: id-5, Name-Ham, UPC-54673866, Manufacture-Ham World, Price-400.0, Shelf life-6, Quantity-800
2019-03-09 15:53:23 INFO  [main]: A new product has been created: id-1/n Name-Milk, UPC-56732712, Manufacture-Milk World, Price-120.0, Shelf life-3, Quantity-500
2019-03-09 15:53:23 INFO  [main]: A new product has been created: id-2/n Name-Bread, UPC-35467891, Manufacture-Bread World, Price-90.0, Shelf life-5, Quantity-1000
2019-03-09 15:53:23 INFO  [main]: A new product has been created: id-3/n Name-Cheese, UPC-94284921, Manufacture-Cheese World, Price-250.0, Shelf life-4, Quantity-1500
2019-03-09 15:53:23 INFO  [main]: A new product has been created: id-4/n Name-Ham, UPC-17403745, Manufacture-Ham World, Price-340.0, Shelf life-5, Quantity-1200
2019-03-09 15:53:23 INFO  [main]: A new product has been created: id-5/n Name-Ham, UPC-54673866, Manufacture-Ham World, Price-400.0, Shelf life-6, Quantity-800
2019-03-09 15:53:23 INFO  [main]: A new product has been created: id-1/n Name-Milk, UPC-56732712, Manufacture-Milk World, Price-120.0, Shelf life-3, Quantity-500
2019-03-09 15:53:23 INFO  [main]: A new product has been created: id-2/n Name-Bread, UPC-35467891, Manufacture-Bread World, Price-90.0, Shelf life-5, Quantity-1000
2019-03-09 15:53:23 INFO  [main]: A new product has been created: id-3/n Name-Cheese, UPC-94284921, Manufacture-Cheese World, Price-250.0, Shelf life-4, Quantity-1500
2019-03-09 15:53:23 INFO  [main]: A new product has been created: id-4/n Name-Ham, UPC-17403745, Manufacture-Ham World, Price-340.0, Shelf life-5, Quantity-1200
2019-03-09 15:53:23 INFO  [main]: A new product has been created: id-5/n Name-Ham, UPC-54673866, Manufacture-Ham World, Price-400.0, Shelf life-6, Quantity-800
2019-03-09 15:53:23 INFO  [main]: A new product has been created: id-1/n Name-Milk, UPC-56732712, Manufacture-Milk World, Price-120.0, Shelf life-3, Quantity-500
2019-03-09 15:53:23 INFO  [main]: A new product has been created: id-2/n Name-Bread, UPC-35467891, Manufacture-Bread World, Price-90.0, Shelf life-5, Quantity-1000
2019-03-09 15:53:23 INFO  [main]: A new product has been created: id-3/n Name-Cheese, UPC-94284921, Manufacture-Cheese World, Price-250.0, Shelf life-4, Quantity-1500
2019-03-09 15:53:23 INFO  [main]: A new product has been created: id-4/n Name-Ham, UPC-17403745, Manufacture-Ham World, Price-340.0, Shelf life-5, Quantity-1200
2019-03-09 15:53:23 INFO  [main]: A new product has been created: id-5/n Name-Ham, UPC-54673866, Manufacture-Ham World, Price-400.0, Shelf life-6, Quantity-800
